Build started 9/4/2016 2:32:23 PM.
     1>Project "D:\Ryan\Documents\Visual Studio 2015\Projects\FirstGameEngine\HelloQuad\HelloQuad.vcxproj" on node 2 (Build target(s)).
     1>C:\Program Files (x86)\MSBuild\Microsoft.Cpp\v4.0\V140\Microsoft.CppBuild.targets(392,5): warning MSB8028: The intermediate directory (Debug\) contains files shared from another project (HelloQuad.vcxproj).  This can lead to incorrect clean and rebuild behavior.
     1>ClCompile:
         C:\Program Files (x86)\Microsoft Visual Studio 14.0\VC\bin\CL.exe /c /ZI /nologo /W3 /WX- /sdl /Od /Oy- /D WIN32 /D _DEBUG /D _CONSOLE /D _UNICODE /D UNICODE /Gm /EHsc /RTC1 /MDd /GS /fp:precise /Zc:wchar_t /Zc:forScope /Zc:inline /Fo"Debug\\" /Fd"Debug\vc140.pdb" /Gd /TP /analyze- /errorReport:prompt Car.cpp Engine.cpp Main.cpp Rigidbody.cpp
         Car.cpp
         Generating Code...
         Skipping... (no relevant changes detected)
         Rigidbody.cpp
         Main.cpp
         Engine.cpp
       Link:
         C:\Program Files (x86)\Microsoft Visual Studio 14.0\VC\bin\link.exe /ERRORREPORT:PROMPT /OUT:"D:\Ryan\Documents\Visual Studio 2015\Projects\FirstGameEngine\Debug\FirstGameEngine.exe" /INCREMENTAL /NOLOGO glew32.lib glfw3.lib opengl32.lib FreeImage.lib kernel32.lib user32.lib gdi32.lib winspool.lib comdlg32.lib advapi32.lib shell32.lib ole32.lib oleaut32.lib uuid.lib odbc32.lib odbccp32.lib /MANIFEST /MANIFESTUAC:"level='asInvoker' uiAccess='false'" /manifest:embed /Debug /PDB:"D:\Ryan\Documents\Visual Studio 2015\Projects\FirstGameEngine\Debug\FirstGameEngine.pdb" /SUBSYSTEM:CONSOLE /TLBID:1 /DYNAMICBASE /NXCOMPAT /IMPLIB:"D:\Ryan\Documents\Visual Studio 2015\Projects\FirstGameEngine\Debug\FirstGameEngine.lib" /MACHINE:X86 Debug\Car.obj
         Debug\Engine.obj
         Debug\Main.obj
         Debug\Model.obj
         Debug\Object.obj
         Debug\Rigidbody.obj
         Debug\ShaderManager.obj
         Debug\TrackPiece.obj
         Debug\Transform.obj
     1>LINK : warning LNK4098: defaultlib 'MSVCRT' conflicts with use of other libs; use /NODEFAULTLIB:library
         HelloQuad.vcxproj -> D:\Ryan\Documents\Visual Studio 2015\Projects\FirstGameEngine\Debug\FirstGameEngine.exe
     1>Done Building Project "D:\Ryan\Documents\Visual Studio 2015\Projects\FirstGameEngine\HelloQuad\HelloQuad.vcxproj" (Build target(s)).

Build succeeded.

Time Elapsed 00:00:01.72
